2026-04-07 23:16:10,499 [INFO] moneta-bank: Moneta Bank API starting up...
2026-04-07 23:16:10,501 [INFO] httpx: HTTP Request: GET http://testserver/api/transactions/ "HTTP/1.1 401 Unauthorized"
2026-04-07 23:16:10,502 [INFO] httpx: HTTP Request: GET http://testserver/api/settings/opening-balance "HTTP/1.1 401 Unauthorized"
2026-04-07 23:16:10,502 [INFO] httpx: HTTP Request: GET http://testserver/api/reports/summary "HTTP/1.1 401 Unauthorized"
2026-04-07 23:16:10,503 [INFO] httpx: HTTP Request: GET http://testserver/api/clients/ "HTTP/1.1 401 Unauthorized"
2026-04-07 23:16:10,504 [INFO] httpx: HTTP Request: GET http://testserver/api/events/ "HTTP/1.1 401 Unauthorized"
2026-04-07 23:16:10,504 [INFO] httpx: HTTP Request: GET http://testserver/api/tasks/ "HTTP/1.1 401 Unauthorized"
2026-04-07 23:16:10,505 [INFO] httpx: HTTP Request: GET http://testserver/api/budget/summary?month=2024-01 "HTTP/1.1 401 Unauthorized"
2026-04-07 23:16:10,506 [INFO] httpx: HTTP Request: GET http://testserver/api/files/test.jpg "HTTP/1.1 401 Unauthorized"
2026-04-07 23:16:10,506 [INFO] moneta-bank: Moneta Bank API shutting down...
2026-04-07 23:16:10,508 [INFO] moneta-bank: Moneta Bank API starting up...
2026-04-07 23:16:10,923 [INFO] httpx: HTTP Request: POST http://testserver/api/budget/ "HTTP/1.1 200 OK"
2026-04-07 23:16:10,929 [INFO] httpx: HTTP Request: GET http://testserver/api/budget/summary?month=2024-05 "HTTP/1.1 200 OK"
2026-04-07 23:16:10,930 [INFO] moneta-bank: Moneta Bank API shutting down...
2026-04-07 23:16:10,933 [INFO] moneta-bank: Moneta Bank API starting up...
2026-04-07 23:16:11,296 [INFO] httpx: HTTP Request: GET http://testserver/api/files/secret_receipt.jpg "HTTP/1.1 404 Not Found"
2026-04-07 23:16:11,333 [INFO] moneta-bank: Moneta Bank API shutting down...
2026-04-07 23:16:40,151 [INFO] moneta-bank: Moneta Bank API starting up...
2026-04-07 23:16:40,153 [INFO] httpx: HTTP Request: GET http://testserver/api/transactions/ "HTTP/1.1 401 Unauthorized"
2026-04-07 23:16:40,154 [INFO] httpx: HTTP Request: GET http://testserver/api/settings/opening-balance "HTTP/1.1 401 Unauthorized"
2026-04-07 23:16:40,155 [INFO] httpx: HTTP Request: GET http://testserver/api/reports/summary "HTTP/1.1 401 Unauthorized"
2026-04-07 23:16:40,156 [INFO] httpx: HTTP Request: GET http://testserver/api/clients/ "HTTP/1.1 401 Unauthorized"
2026-04-07 23:16:40,156 [INFO] httpx: HTTP Request: GET http://testserver/api/events/ "HTTP/1.1 401 Unauthorized"
2026-04-07 23:16:40,157 [INFO] httpx: HTTP Request: GET http://testserver/api/tasks/ "HTTP/1.1 401 Unauthorized"
2026-04-07 23:16:40,157 [INFO] httpx: HTTP Request: GET http://testserver/api/budget/summary?month=2024-01 "HTTP/1.1 401 Unauthorized"
2026-04-07 23:16:40,159 [INFO] httpx: HTTP Request: GET http://testserver/api/files/test.jpg "HTTP/1.1 401 Unauthorized"
2026-04-07 23:16:40,159 [INFO] moneta-bank: Moneta Bank API shutting down...
2026-04-07 23:16:40,161 [INFO] moneta-bank: Moneta Bank API starting up...
2026-04-07 23:16:40,580 [INFO] httpx: HTTP Request: POST http://testserver/api/budget/ "HTTP/1.1 200 OK"
2026-04-07 23:16:40,586 [INFO] httpx: HTTP Request: GET http://testserver/api/budget/summary?month=2024-05 "HTTP/1.1 200 OK"
2026-04-07 23:16:40,587 [INFO] moneta-bank: Moneta Bank API shutting down...
2026-04-07 23:16:40,590 [INFO] moneta-bank: Moneta Bank API starting up...
2026-04-07 23:16:40,952 [INFO] httpx: HTTP Request: GET http://testserver/api/files/secret_receipt.jpg "HTTP/1.1 403 Forbidden"
2026-04-07 23:16:40,953 [INFO] moneta-bank: Moneta Bank API shutting down...
